[2026-03-27 02:32:15] [LOGIN] Đăng nhập source: https://demov1.trungnq.xyz/
[2026-03-27 02:32:15] Logging in to https://demov1.trungnq.xyz as admin...
[2026-03-27 02:32:16] [attempt 1] status=200 auth=true
[2026-03-27 02:32:16] ✓ Login successful: https://demov1.trungnq.xyz
[2026-03-27 02:32:16] [LOGIN] Đăng nhập destination: https://demov2.trungnq.xyz/
[2026-03-27 02:32:16] Logging in to https://demov2.trungnq.xyz as admin...
[2026-03-27 02:32:16] [attempt 1] status=200 auth=true
[2026-03-27 02:32:16] ✓ Login successful: https://demov2.trungnq.xyz
[2026-03-27 02:32:16] [PLUGIN] Cài helper plugin trên source...
[2026-03-27 02:32:16] Checking wpm-helper on https://demov1.trungnq.xyz...
[2026-03-27 02:32:16] Plugin ping: status=400 body=0
[2026-03-27 02:32:16] Plugin not found — installing via headless browser...
[2026-03-27 02:32:17] Launching headless Chrome...
[2026-03-27 02:32:17] Browser: logging in to https://demov1.trungnq.xyz
[2026-03-27 02:32:21] Browser: logged in, URL=https://demov1.trungnq.xyz/wp-admin/
[2026-03-27 02:32:22] Browser: on plugin-install page
[2026-03-27 02:32:22] Browser: file selected, clicking Install Now...
[2026-03-27 02:32:27] Browser: install result page = https://demov1.trungnq.xyz/wp-admin/update.php?action=upload-plugin
[2026-03-27 02:32:27] Browser: activate links on result page: ["https://demov1.trungnq.xyz/wp-admin/plugins.php?action=activate&plugin=wpm-helper%2Fwpm-helper.php&_wpnonce=f7b2406bdc"]
[2026-03-27 02:32:27] Browser: clicking activate on result page...
[2026-03-27 02:32:30] Browser: activated, now at https://demov1.trungnq.xyz/wp-admin/plugins.php?plugin_status=all&paged=1&s
[2026-03-27 02:32:30] Browser: installation complete
[2026-03-27 02:32:32] Plugin ping: status=200 body={"success":true,"data":"pong"}
[2026-03-27 02:32:32] ✓ wpm-helper installed and active on https://demov1.trungnq.xyz
[2026-03-27 02:32:32] [PLUGIN] Cài helper plugin trên destination...
[2026-03-27 02:32:32] Checking wpm-helper on https://demov2.trungnq.xyz...
[2026-03-27 02:32:32] Plugin ping: status=400 body=0
[2026-03-27 02:32:32] Plugin not found — installing via headless browser...
[2026-03-27 02:32:32] Launching headless Chrome...
[2026-03-27 02:32:32] Browser: logging in to https://demov2.trungnq.xyz
[2026-03-27 02:32:36] Browser: logged in, URL=https://demov2.trungnq.xyz/wp-admin/
[2026-03-27 02:32:37] Browser: on plugin-install page
[2026-03-27 02:32:37] Browser: file selected, clicking Install Now...
[2026-03-27 02:32:41] Browser: install result page = https://demov2.trungnq.xyz/wp-admin/update.php?action=upload-plugin
[2026-03-27 02:32:41] Browser: activate links on result page: ["https://demov2.trungnq.xyz/wp-admin/plugins.php?action=activate&plugin=wpm-helper%2Fwpm-helper.php&_wpnonce=5c662bdb03"]
[2026-03-27 02:32:41] Browser: clicking activate on result page...
[2026-03-27 02:32:42] Browser: activated, now at https://demov2.trungnq.xyz/wp-admin/plugins.php?plugin_status=all&paged=1&s
[2026-03-27 02:32:42] Browser: installation complete
[2026-03-27 02:32:45] Plugin ping: status=200 body={"success":true,"data":"pong"}
[2026-03-27 02:32:45] ✓ wpm-helper installed and active on https://demov2.trungnq.xyz
[2026-03-27 02:32:45] [BACKUP] Tạo backup (database + files + plugins + themes)...
[2026-03-27 02:32:45] Creating backup on https://demov1.trungnq.xyz via browser...
[2026-03-27 02:32:45] Launching browser for https://demov1.trungnq.xyz...
[2026-03-27 02:32:49] Browser: logged in to https://demov1.trungnq.xyz
[2026-03-27 02:33:03] Backup response: {"success":true,"data":{"file":"wpm-backup-job_mn8acznol5fy.zip","url":"https:\/\/demov1.trungnq.xyz\/wp-content\/uploads\/wpm-backups\/wpm-backup-job_mn8acznol5fy.zip","size":102871793}}
[2026-03-27 02:33:03] ✓ Backup: wpm-backup-job_mn8acznol5fy.zip (98MB)
[2026-03-27 02:33:03] [DOWNLOAD] Tải backup về (98MB)...
[2026-03-27 02:33:03] Downloading backup from https://demov1.trungnq.xyz/wp-content/uploads/wpm-backups/wpm-backup-job_mn8acznol5fy.zip...
[2026-03-27 02:33:03] Direct download failed (status=403), trying via browser...
[2026-03-27 02:33:07] ✓ Downloaded via browser: 0MB
[2026-03-27 02:33:07] [RESTORE] Upload và restore trên destination...
[2026-03-27 02:33:07] Restoring to https://demov2.trungnq.xyz via browser...
[2026-03-27 02:33:07] Launching browser for https://demov2.trungnq.xyz...
[2026-03-27 02:33:11] Browser: logged in to https://demov2.trungnq.xyz
[2026-03-27 02:33:12] Browser: uploading backup (0MB)...
[2026-03-27 02:33:13] Restore response: {"success":false,"data":"Cannot open backup zip"}
[2026-03-27 02:33:13] [ERROR] Restore error: Cannot open backup zip
