[2026-03-26 08:01:14] [LOGIN] Đăng nhập source: https://demov1.trungnq.xyz/
[2026-03-26 08:01:14] Logging in to https://demov1.trungnq.xyz as admin...
[2026-03-26 08:01:15] [attempt 1] status=200 auth=true
[2026-03-26 08:01:15] ✓ Login successful: https://demov1.trungnq.xyz
[2026-03-26 08:01:15] [LOGIN] Đăng nhập destination: https://demov2.trungnq.xyz/
[2026-03-26 08:01:15] Logging in to https://demov2.trungnq.xyz as admin...
[2026-03-26 08:01:15] [attempt 1] status=200 auth=true
[2026-03-26 08:01:15] ✓ Login successful: https://demov2.trungnq.xyz
[2026-03-26 08:01:15] [PLUGIN] Cài helper plugin trên source...
[2026-03-26 08:01:15] Checking wpm-helper on https://demov1.trungnq.xyz...
[2026-03-26 08:01:15] Plugin ping: status=400 body=0
[2026-03-26 08:01:15] Plugin not found — installing via headless browser...
[2026-03-26 08:01:15] Launching headless Chrome...
[2026-03-26 08:01:16] Browser: logging in to https://demov1.trungnq.xyz
[2026-03-26 08:01:20] Browser: logged in, URL=https://demov1.trungnq.xyz/wp-admin/
[2026-03-26 08:01:21] Browser: on plugin-install page
[2026-03-26 08:01:21] Browser: file selected, clicking Install Now...
[2026-03-26 08:01:25] Browser: install result page = https://demov1.trungnq.xyz/wp-admin/update.php?action=upload-plugin
[2026-03-26 08:01:25] Browser: activate links on result page: ["https://demov1.trungnq.xyz/wp-admin/plugins.php?action=activate&plugin=wpm-helper%2Fwpm-helper.php&_wpnonce=d58597c8bd"]
[2026-03-26 08:01:25] Browser: clicking activate on result page...
[2026-03-26 08:01:28] Browser: activated, now at https://demov1.trungnq.xyz/wp-admin/plugins.php?plugin_status=all&paged=1&s
[2026-03-26 08:01:28] Browser: installation complete
[2026-03-26 08:01:30] Plugin ping: status=200 body={"success":true,"data":"pong"}
[2026-03-26 08:01:30] ✓ wpm-helper installed and active on https://demov1.trungnq.xyz
[2026-03-26 08:01:30] [PLUGIN] Cài helper plugin trên destination...
[2026-03-26 08:01:30] Checking wpm-helper on https://demov2.trungnq.xyz...
[2026-03-26 08:01:31] Plugin ping: status=400 body=0
[2026-03-26 08:01:31] Plugin not found — installing via headless browser...
[2026-03-26 08:01:31] Launching headless Chrome...
[2026-03-26 08:01:31] Browser: logging in to https://demov2.trungnq.xyz
[2026-03-26 08:01:35] Browser: logged in, URL=https://demov2.trungnq.xyz/wp-admin/
[2026-03-26 08:01:36] Browser: on plugin-install page
[2026-03-26 08:01:36] Browser: file selected, clicking Install Now...
[2026-03-26 08:02:23] Browser: install result page = https://demov2.trungnq.xyz/wp-admin/update.php?action=upload-plugin
[2026-03-26 08:02:23] Browser: activate links on result page: ["https://demov2.trungnq.xyz/wp-admin/plugins.php?action=activate&plugin=wpm-helper%2Fwpm-helper.php&_wpnonce=a5310b7872"]
[2026-03-26 08:02:23] Browser: clicking activate on result page...
[2026-03-26 08:03:23] [ERROR] Navigation timeout of 60000 ms exceeded
