[2026-03-26 08:07:15] [LOGIN] Đăng nhập source: https://demov1.trungnq.xyz/
[2026-03-26 08:07:15] Logging in to https://demov1.trungnq.xyz as admin...
[2026-03-26 08:07:15] [attempt 1] status=200 auth=true
[2026-03-26 08:07:15] ✓ Login successful: https://demov1.trungnq.xyz
[2026-03-26 08:07:15] [LOGIN] Đăng nhập destination: https://demov2.trungnq.xyz/
[2026-03-26 08:07:15] Logging in to https://demov2.trungnq.xyz as admin...
[2026-03-26 08:07:16] [attempt 1] status=200 auth=true
[2026-03-26 08:07:16] ✓ Login successful: https://demov2.trungnq.xyz
[2026-03-26 08:07:16] [PLUGIN] Cài helper plugin trên source...
[2026-03-26 08:07:16] Checking wpm-helper on https://demov1.trungnq.xyz...
[2026-03-26 08:07:16] Plugin ping: status=400 body=0
[2026-03-26 08:07:16] Plugin not found — installing via headless browser...
[2026-03-26 08:07:16] Launching headless Chrome...
[2026-03-26 08:07:16] Browser: logging in to https://demov1.trungnq.xyz
[2026-03-26 08:07:20] Browser: logged in, URL=https://demov1.trungnq.xyz/wp-admin/
[2026-03-26 08:07:21] Browser: on plugin-install page
[2026-03-26 08:07:21] Browser: file selected, clicking Install Now...
[2026-03-26 08:07:26] Browser: install result page = https://demov1.trungnq.xyz/wp-admin/update.php?action=upload-plugin
[2026-03-26 08:07:26] Browser: activate links on result page: ["https://demov1.trungnq.xyz/wp-admin/plugins.php?action=activate&plugin=wpm-helper%2Fwpm-helper.php&_wpnonce=945bae087c"]
[2026-03-26 08:07:26] Browser: clicking activate on result page...
[2026-03-26 08:07:29] Browser: activated, now at https://demov1.trungnq.xyz/wp-admin/plugins.php?plugin_status=all&paged=1&s
[2026-03-26 08:07:29] Browser: installation complete
[2026-03-26 08:07:31] Plugin ping: status=200 body={"success":true,"data":"pong"}
[2026-03-26 08:07:31] ✓ wpm-helper installed and active on https://demov1.trungnq.xyz
[2026-03-26 08:07:31] [PLUGIN] Cài helper plugin trên destination...
[2026-03-26 08:07:31] Checking wpm-helper on https://demov2.trungnq.xyz...
[2026-03-26 08:07:31] Plugin ping: status=400 body=0
[2026-03-26 08:07:31] Plugin not found — installing via headless browser...
[2026-03-26 08:07:31] Launching headless Chrome...
[2026-03-26 08:07:31] Browser: logging in to https://demov2.trungnq.xyz
[2026-03-26 08:07:35] Browser: logged in, URL=https://demov2.trungnq.xyz/wp-admin/
[2026-03-26 08:07:36] Browser: on plugin-install page
[2026-03-26 08:07:36] Browser: file selected, clicking Install Now...
[2026-03-26 08:07:40] Browser: install result page = https://demov2.trungnq.xyz/wp-admin/update.php?action=upload-plugin
[2026-03-26 08:07:40] Browser: activate links on result page: ["https://demov2.trungnq.xyz/wp-admin/plugins.php?action=activate&plugin=wpm-helper%2Fwpm-helper.php&_wpnonce=87a0d28f14"]
[2026-03-26 08:07:40] Browser: clicking activate on result page...
[2026-03-26 08:07:42] Browser: activated, now at https://demov2.trungnq.xyz/wp-admin/plugins.php?plugin_status=all&paged=1&s
[2026-03-26 08:07:42] Browser: installation complete
[2026-03-26 08:07:44] Plugin ping: status=200 body={"success":true,"data":"pong"}
[2026-03-26 08:07:44] ✓ wpm-helper installed and active on https://demov2.trungnq.xyz
[2026-03-26 08:07:44] [BACKUP] Tạo backup (database + files + plugins + themes)...
[2026-03-26 08:07:44] Creating backup on https://demov1.trungnq.xyz...
[2026-03-26 08:07:45] Backup response: 0
[2026-03-26 08:07:45] [ERROR] Backup AJAX failed: 0
