[2026-03-27 02:59:02] [LOGIN] Đăng nhập source: https://demov1.trungnq.xyz/
[2026-03-27 02:59:02] Logging in to https://demov1.trungnq.xyz as admin...
[2026-03-27 02:59:02] [attempt 1] status=200 auth=true
[2026-03-27 02:59:02] ✓ Login successful: https://demov1.trungnq.xyz
[2026-03-27 02:59:02] [LOGIN] Đăng nhập destination: https://demov2.trungnq.xyz/
[2026-03-27 02:59:02] Logging in to https://demov2.trungnq.xyz as admin...
[2026-03-27 02:59:03] [attempt 1] status=200 auth=true
[2026-03-27 02:59:03] ✓ Login successful: https://demov2.trungnq.xyz
[2026-03-27 02:59:03] [PLUGIN] Cài helper plugin trên source...
[2026-03-27 02:59:03] Checking wpm-helper on https://demov1.trungnq.xyz...
[2026-03-27 02:59:03] Plugin ping: status=400 body=0
[2026-03-27 02:59:03] Plugin not found — installing via headless browser...
[2026-03-27 02:59:03] Launching headless Chrome...
[2026-03-27 02:59:04] Browser: logging in to https://demov1.trungnq.xyz
[2026-03-27 02:59:08] Browser: logged in, URL=https://demov1.trungnq.xyz/wp-admin/
[2026-03-27 02:59:09] Browser: on plugin-install page
[2026-03-27 02:59:09] Browser: file selected, clicking Install Now...
[2026-03-27 02:59:14] Browser: install result page = https://demov1.trungnq.xyz/wp-admin/update.php?action=upload-plugin
[2026-03-27 02:59:14] Browser: activate links on result page: ["https://demov1.trungnq.xyz/wp-admin/plugins.php?action=activate&plugin=wpm-helper%2Fwpm-helper.php&_wpnonce=91cc494681"]
[2026-03-27 02:59:14] Browser: clicking activate on result page...
[2026-03-27 02:59:16] Browser: activated, now at https://demov1.trungnq.xyz/wp-admin/plugins.php?plugin_status=all&paged=1&s
[2026-03-27 02:59:16] Browser: installation complete
[2026-03-27 02:59:19] Plugin ping: status=200 body={"success":true,"data":"pong"}
[2026-03-27 02:59:19] ✓ wpm-helper installed and active on https://demov1.trungnq.xyz
[2026-03-27 02:59:19] [PLUGIN] Cài helper plugin trên destination...
[2026-03-27 02:59:19] Checking wpm-helper on https://demov2.trungnq.xyz...
[2026-03-27 02:59:19] Plugin ping: status=400 body=0
[2026-03-27 02:59:19] Plugin not found — installing via headless browser...
[2026-03-27 02:59:19] Launching headless Chrome...
[2026-03-27 02:59:19] Browser: logging in to https://demov2.trungnq.xyz
[2026-03-27 02:59:23] Browser: logged in, URL=https://demov2.trungnq.xyz/wp-admin/
[2026-03-27 02:59:24] Browser: on plugin-install page
[2026-03-27 02:59:24] Browser: file selected, clicking Install Now...
[2026-03-27 02:59:28] Browser: install result page = https://demov2.trungnq.xyz/wp-admin/update.php?action=upload-plugin
[2026-03-27 02:59:28] Browser: activate links on result page: ["https://demov2.trungnq.xyz/wp-admin/plugins.php?action=activate&plugin=wpm-helper%2Fwpm-helper.php&_wpnonce=97e9da6602"]
[2026-03-27 02:59:28] Browser: clicking activate on result page...
[2026-03-27 02:59:30] Browser: activated, now at https://demov2.trungnq.xyz/wp-admin/plugins.php?plugin_status=all&paged=1&s
[2026-03-27 02:59:30] Browser: installation complete
[2026-03-27 02:59:32] Plugin ping: status=200 body={"success":true,"data":"pong"}
[2026-03-27 02:59:32] ✓ wpm-helper installed and active on https://demov2.trungnq.xyz
[2026-03-27 02:59:32] [BACKUP] Tạo backup (database + files + plugins + themes)...
[2026-03-27 02:59:32] Creating backup on https://demov1.trungnq.xyz...
[2026-03-27 02:59:37] Got 6 browser cookies for backup
[2026-03-27 02:59:47] Backup response: {"success":true,"data":{"file":"wpm-backup-job_mn8bbf8t9fyq.zip","url":"https:\/\/demov1.trungnq.xyz\/wp-content\/uploads\/wpm-backups\/wpm-backup-job_mn8bbf8t9fyq.zip","size":102872219}}
[2026-03-27 02:59:47] ✓ Backup: wpm-backup-job_mn8bbf8t9fyq.zip (98MB)
[2026-03-27 02:59:47] [DOWNLOAD] Tải backup về (98MB)...
[2026-03-27 02:59:47] Downloading backup from https://demov1.trungnq.xyz/wp-content/uploads/wpm-backups/wpm-backup-job_mn8bbf8t9fyq.zip...
[2026-03-27 02:59:47] Direct download status=403 size=1242, trying via browser CDP...
[2026-03-27 02:59:47] Browser CDP download to /home/migrate/wp-migrate.bk/storage/logs...
[2026-03-27 02:59:51] Browser CDP: logged in
[2026-03-27 02:59:51] Browser CDP: triggering download of https://demov1.trungnq.xyz/wp-content/uploads/wpm-backups/wpm-backup-job_mn8bbf8t9fyq.zip
[2026-03-27 02:59:52] Browser CDP: waiting for file at /home/migrate/wp-migrate.bk/storage/logs/wpm-backup-job_mn8bbf8t9fyq.zip
[2026-03-27 03:09:52] [ERROR] Download timed out after 10 minutes
