[2026-03-27 02:05:57] [LOGIN] Đăng nhập source: https://demov1.trungnq.xyz/
[2026-03-27 02:05:57] Logging in to https://demov1.trungnq.xyz as admin...
[2026-03-27 02:05:58] [attempt 1] status=200 auth=true
[2026-03-27 02:05:58] ✓ Login successful: https://demov1.trungnq.xyz
[2026-03-27 02:05:58] [LOGIN] Đăng nhập destination: https://demov2.trungnq.xyz/
[2026-03-27 02:05:58] Logging in to https://demov2.trungnq.xyz as admin...
[2026-03-27 02:05:58] [attempt 1] status=200 auth=true
[2026-03-27 02:05:58] ✓ Login successful: https://demov2.trungnq.xyz
[2026-03-27 02:05:58] [PLUGIN] Cài helper plugin trên source...
[2026-03-27 02:05:58] Checking wpm-helper on https://demov1.trungnq.xyz...
[2026-03-27 02:05:58] Plugin ping: status=400 body=0
[2026-03-27 02:05:58] Plugin not found — installing via headless browser...
[2026-03-27 02:05:59] Launching headless Chrome...
[2026-03-27 02:05:59] Browser: logging in to https://demov1.trungnq.xyz
[2026-03-27 02:06:03] Browser: logged in, URL=https://demov1.trungnq.xyz/wp-admin/
[2026-03-27 02:06:05] Browser: on plugin-install page
[2026-03-27 02:06:05] Browser: file selected, clicking Install Now...
[2026-03-27 02:06:10] Browser: install result page = https://demov1.trungnq.xyz/wp-admin/update.php?action=upload-plugin
[2026-03-27 02:06:10] Browser: activate links on result page: ["https://demov1.trungnq.xyz/wp-admin/plugins.php?action=activate&plugin=wpm-helper%2Fwpm-helper.php&_wpnonce=33481644dc"]
[2026-03-27 02:06:10] Browser: clicking activate on result page...
[2026-03-27 02:06:13] Browser: activated, now at https://demov1.trungnq.xyz/wp-admin/plugins.php?plugin_status=all&paged=1&s
[2026-03-27 02:06:13] Browser: installation complete
[2026-03-27 02:06:15] Plugin ping: status=200 body={"success":true,"data":"pong"}
[2026-03-27 02:06:15] ✓ wpm-helper installed and active on https://demov1.trungnq.xyz
[2026-03-27 02:06:15] [PLUGIN] Cài helper plugin trên destination...
[2026-03-27 02:06:15] Checking wpm-helper on https://demov2.trungnq.xyz...
[2026-03-27 02:06:15] Plugin ping: status=400 body=0
[2026-03-27 02:06:15] Plugin not found — installing via headless browser...
[2026-03-27 02:06:15] Launching headless Chrome...
[2026-03-27 02:06:15] Browser: logging in to https://demov2.trungnq.xyz
[2026-03-27 02:06:19] Browser: logged in, URL=https://demov2.trungnq.xyz/wp-admin/
[2026-03-27 02:06:20] Browser: on plugin-install page
[2026-03-27 02:06:20] Browser: file selected, clicking Install Now...
[2026-03-27 02:06:25] Browser: install result page = https://demov2.trungnq.xyz/wp-admin/update.php?action=upload-plugin
[2026-03-27 02:06:25] Browser: activate links on result page: ["https://demov2.trungnq.xyz/wp-admin/plugins.php?action=activate&plugin=wpm-helper%2Fwpm-helper.php&_wpnonce=fd22d1b2f6"]
[2026-03-27 02:06:25] Browser: clicking activate on result page...
[2026-03-27 02:06:27] Browser: activated, now at https://demov2.trungnq.xyz/wp-admin/plugins.php?plugin_status=all&paged=1&s
[2026-03-27 02:06:27] Browser: installation complete
[2026-03-27 02:06:29] Plugin ping: status=200 body={"success":true,"data":"pong"}
[2026-03-27 02:06:29] ✓ wpm-helper installed and active on https://demov2.trungnq.xyz
[2026-03-27 02:06:29] [BACKUP] Tạo backup (database + files + plugins + themes)...
[2026-03-27 02:06:29] Creating backup on https://demov1.trungnq.xyz...
[2026-03-27 02:06:29] Backup response: 0
[2026-03-27 02:06:29] [ERROR] Backup AJAX failed: 0
