[2026-03-27 07:58:29] [LOGIN] Đăng nhập source: https://demov1.trungnq.xyz/
[2026-03-27 07:58:29] Logging in to https://demov1.trungnq.xyz as admin...
[2026-03-27 07:58:30] [attempt 1] status=200 auth=true
[2026-03-27 07:58:30] ✓ Login successful: https://demov1.trungnq.xyz
[2026-03-27 07:58:30] [LOGIN] Đăng nhập destination: https://demov2.trungnq.xyz/
[2026-03-27 07:58:30] Logging in to https://demov2.trungnq.xyz as admin...
[2026-03-27 07:58:30] [attempt 1] status=200 auth=true
[2026-03-27 07:58:30] ✓ Login successful: https://demov2.trungnq.xyz
[2026-03-27 07:58:30] [PLUGIN] Cài helper plugin trên source...
[2026-03-27 07:58:30] Checking wpm-helper on https://demov1.trungnq.xyz...
[2026-03-27 07:58:30] Plugin ping: status=400 body=0
[2026-03-27 07:58:30] Plugin not found — installing via headless browser...
[2026-03-27 07:58:31] Launching headless Chrome...
[2026-03-27 07:58:31] Browser: logging in to https://demov1.trungnq.xyz
[2026-03-27 07:58:35] Browser: logged in, URL=https://demov1.trungnq.xyz/wp-admin/
[2026-03-27 07:58:37] Browser: on plugin-install page
[2026-03-27 07:58:37] Browser: file selected, clicking Install Now...
[2026-03-27 07:58:41] Browser: install result page = https://demov1.trungnq.xyz/wp-admin/update.php?action=upload-plugin
[2026-03-27 07:58:41] Browser: activate links on result page: ["https://demov1.trungnq.xyz/wp-admin/plugins.php?action=activate&plugin=wpm-helper%2Fwpm-helper.php&_wpnonce=2ac7bb2d3f"]
[2026-03-27 07:58:41] Browser: clicking activate on result page...
[2026-03-27 07:58:44] Browser: activated, now at https://demov1.trungnq.xyz/wp-admin/plugins.php?plugin_status=all&paged=1&s
[2026-03-27 07:58:44] Browser: installation complete
[2026-03-27 07:58:46] Plugin ping: status=200 body={"success":true,"data":"pong"}
[2026-03-27 07:58:46] ✓ wpm-helper installed and active on https://demov1.trungnq.xyz
[2026-03-27 07:58:46] [PLUGIN] Cài helper plugin trên destination...
[2026-03-27 07:58:46] Checking wpm-helper on https://demov2.trungnq.xyz...
[2026-03-27 07:58:46] Plugin ping: status=400 body=0
[2026-03-27 07:58:46] Plugin not found — installing via headless browser...
[2026-03-27 07:58:46] Launching headless Chrome...
[2026-03-27 07:58:46] Browser: logging in to https://demov2.trungnq.xyz
[2026-03-27 07:58:49] Browser: logged in, URL=https://demov2.trungnq.xyz/wp-admin/
[2026-03-27 07:58:50] Browser: on plugin-install page
[2026-03-27 07:58:50] Browser: file selected, clicking Install Now...
[2026-03-27 07:58:54] Browser: install result page = https://demov2.trungnq.xyz/wp-admin/update.php?action=upload-plugin
[2026-03-27 07:58:54] Browser: activate links on result page: ["https://demov2.trungnq.xyz/wp-admin/plugins.php?action=activate&plugin=wpm-helper%2Fwpm-helper.php&_wpnonce=7fe61750c8"]
[2026-03-27 07:58:54] Browser: clicking activate on result page...
[2026-03-27 07:58:55] Browser: activated, now at https://demov2.trungnq.xyz/wp-admin/plugins.php?plugin_status=all&paged=1&s
[2026-03-27 07:58:55] Browser: installation complete
[2026-03-27 07:58:58] Plugin ping: status=200 body={"success":true,"data":"pong"}
[2026-03-27 07:58:58] ✓ wpm-helper installed and active on https://demov2.trungnq.xyz
[2026-03-27 07:58:58] [BACKUP] Tạo backup (database + files + plugins + themes)...
[2026-03-27 07:58:58] Creating backup on https://demov1.trungnq.xyz...
[2026-03-27 07:59:02] Got 6 browser cookies for backup
[2026-03-27 07:59:12] Backup response: {"success":true,"data":{"file":"wpm-backup-job_mn8m0itcsrp7.zip","url":"https:\/\/demov1.trungnq.xyz\/wp-content\/uploads\/wpm-backups\/wpm-backup-job_mn8m0itcsrp7.zip","size":102871219}}
[2026-03-27 07:59:12] ✓ Backup: wpm-backup-job_mn8m0itcsrp7.zip (98MB)
[2026-03-27 07:59:12] [DOWNLOAD] Tải backup về (98MB)...
[2026-03-27 07:59:12] Downloading backup: wpm-backup-job_mn8m0itcsrp7.zip (98MB)
[2026-03-27 07:59:17] Got 6 browser cookies for download
[2026-03-27 07:59:20] Download status: 200, size: 102871219
[2026-03-27 07:59:20] ✓ Downloaded: 98MB
[2026-03-27 07:59:20] [RESTORE] Upload và restore trên destination...
[2026-03-27 07:59:20] Restoring to https://demov2.trungnq.xyz ...
[2026-03-27 07:59:20] Backup size: 98MB
[2026-03-27 07:59:23] Got 4 cookies from browser
[2026-03-27 07:59:23] Got nonce: d72b4ff169
[2026-03-27 07:59:29] Restore response: {"success":true,"data":{"message":"Restore completed"}}
[2026-03-27 07:59:29] ✓ Restore completed on https://demov2.trungnq.xyz
[2026-03-27 07:59:29] [DONE] Migration completed successfully.
