[2026-03-28 09:45:03] [LOGIN] Đăng nhập source: https://demov1.trungnq.xyz
[2026-03-28 09:45:03] Logging in to https://demov1.trungnq.xyz as admin...
[2026-03-28 09:45:04] [attempt 1] status=200 auth=true
[2026-03-28 09:45:04] ✓ Login successful: https://demov1.trungnq.xyz
[2026-03-28 09:45:04] [LOGIN] Đăng nhập destination: https://demov2.trungnq.xyz
[2026-03-28 09:45:04] Logging in to https://demov2.trungnq.xyz as admin...
[2026-03-28 09:45:04] [attempt 1] status=200 auth=true
[2026-03-28 09:45:04] ✓ Login successful: https://demov2.trungnq.xyz
[2026-03-28 09:45:04] [PLUGIN] Cài helper plugin trên source...
[2026-03-28 09:45:04] Checking wpm-helper on https://demov1.trungnq.xyz...
[2026-03-28 09:45:04] Plugin ping: status=400 body=0
[2026-03-28 09:45:04] Plugin not found — installing via headless browser...
[2026-03-28 09:45:05] Launching headless Chrome...
[2026-03-28 09:45:05] Browser: logging in to https://demov1.trungnq.xyz
[2026-03-28 09:45:09] Browser: logged in, URL=https://demov1.trungnq.xyz/wp-admin/
[2026-03-28 09:45:11] Browser: on plugin-install page
[2026-03-28 09:45:11] Browser: file selected, clicking Install Now...
[2026-03-28 09:45:17] Browser: install result page = https://demov1.trungnq.xyz/wp-admin/update.php?action=upload-plugin
[2026-03-28 09:45:17] Browser: activate links on result page: []
[2026-03-28 09:45:17] Browser: no activate link on result page, going to plugins.php...
[2026-03-28 09:45:19] Browser: plugin rows found: advanced-custom-fields, advanced-custom-fields, akismet, all-in-one-wp-migration-google-drive-extension, button-contact-vr, button-contact-vr, contact-form-7, contact-form-7, font-awesome, font-awesome, hello-dolly, inet-toolkit-official, backup, perfect-woocommerce-brands, perfect-woocommerce-brands, wcpas-product-attributes-shortcode, wcpas-product-attributes-shortcode, safe-svg, safe-svg, speedycache, woocommerce, woocommerce, wordpress-importer, wordpress-importer, wp-migrator-helper, yith-woocommerce-wishlist, yith-woocommerce-wishlist
[2026-03-28 09:45:19] Browser: found activate link with selector: a[href*="plugin=wpm-helper"][href*="action=activate"]
[2026-03-28 09:45:21] Browser: activated from plugins list
[2026-03-28 09:45:21] Browser: installation complete
[2026-03-28 09:45:23] Plugin ping: status=200 body={"success":true,"data":"pong"}
[2026-03-28 09:45:23] ✓ wpm-helper installed and active on https://demov1.trungnq.xyz
[2026-03-28 09:45:23] [PLUGIN] Cài helper plugin trên destination...
[2026-03-28 09:45:23] Checking wpm-helper on https://demov2.trungnq.xyz...
[2026-03-28 09:45:23] Plugin ping: status=400 body=0
[2026-03-28 09:45:23] Plugin not found — installing via headless browser...
[2026-03-28 09:45:23] Launching headless Chrome...
[2026-03-28 09:45:23] Browser: logging in to https://demov2.trungnq.xyz
[2026-03-28 09:45:26] Browser: logged in, URL=https://demov2.trungnq.xyz/wp-admin/
[2026-03-28 09:45:27] Browser: on plugin-install page
[2026-03-28 09:45:27] Browser: file selected, clicking Install Now...
[2026-03-28 09:45:32] Browser: install result page = https://demov2.trungnq.xyz/wp-admin/update.php?action=upload-plugin
[2026-03-28 09:45:32] Plugin already installed, activating...
[2026-03-28 09:45:32] Browser: activate links on result page: []
[2026-03-28 09:45:32] Browser: no activate link on result page, going to plugins.php...
[2026-03-28 09:45:33] Browser: plugin rows found: advanced-custom-fields, advanced-custom-fields, akismet, all-in-one-wp-migration-google-drive-extension, button-contact-vr, button-contact-vr, contact-form-7, contact-form-7, font-awesome, font-awesome, hello-dolly, inet-toolkit-official, backup, perfect-woocommerce-brands, perfect-woocommerce-brands, wcpas-product-attributes-shortcode, wcpas-product-attributes-shortcode, safe-svg, safe-svg, woocommerce, woocommerce, wordpress-importer, wordpress-importer, wp-migrator-helper, yith-woocommerce-wishlist, yith-woocommerce-wishlist
[2026-03-28 09:45:33] Browser: found activate link with selector: a[href*="plugin=wpm-helper"][href*="action=activate"]
[2026-03-28 09:45:35] Browser: activated from plugins list
[2026-03-28 09:45:35] Browser: installation complete
[2026-03-28 09:45:38] Plugin ping: status=200 body={"success":true,"data":"pong"}
[2026-03-28 09:45:38] ✓ wpm-helper installed and active on https://demov2.trungnq.xyz
[2026-03-28 09:45:38] [BACKUP] Tạo backup (database + files + plugins + themes)...
[2026-03-28 09:45:38] Creating backup on https://demov1.trungnq.xyz...
[2026-03-28 09:45:42] Got 6 browser cookies for backup
[2026-03-28 09:45:53] Backup response: {"success":true,"data":{"file":"wpm-backup-job_mna59ffq6umt.zip","url":"https:\/\/demov1.trungnq.xyz\/wp-content\/uploads\/wpm-backups\/wpm-backup-job_mna59ffq6umt.zip","size":102895437}}
[2026-03-28 09:45:53] ✓ Backup: wpm-backup-job_mna59ffq6umt.zip (98MB)
[2026-03-28 09:45:53] [DOWNLOAD] Tải backup về (98MB)...
[2026-03-28 09:45:53] Downloading backup: wpm-backup-job_mna59ffq6umt.zip (98MB)
[2026-03-28 09:45:57] Got 6 browser cookies for download
[2026-03-28 09:46:00] Download status: 200, size: 102895437
[2026-03-28 09:46:00] ✓ Downloaded: 98MB
[2026-03-28 09:46:00] [RESTORE] Upload và restore trên destination...
[2026-03-28 09:46:00] Restoring to https://demov2.trungnq.xyz ...
[2026-03-28 09:46:00] Backup size: 98MB
[2026-03-28 09:46:04] Got 4 cookies from browser
[2026-03-28 09:46:04] Got nonce: b94da4757b
[2026-03-28 09:46:10] Restore response: {"success":true,"data":{"message":"Restore completed"}}
[2026-03-28 09:46:10] ✓ Restore completed on https://demov2.trungnq.xyz
[2026-03-28 09:46:10] [DONE] Migration completed successfully.
