[2026-03-27 07:53:38] [LOGIN] Đăng nhập source: https://demov1.trungnq.xyz/
[2026-03-27 07:53:38] Logging in to https://demov1.trungnq.xyz as admin...
[2026-03-27 07:53:39] [attempt 1] status=200 auth=true
[2026-03-27 07:53:39] ✓ Login successful: https://demov1.trungnq.xyz
[2026-03-27 07:53:39] [LOGIN] Đăng nhập destination: https://demov2.trungnq.xyz/
[2026-03-27 07:53:39] Logging in to https://demov2.trungnq.xyz as admin...
[2026-03-27 07:53:40] [attempt 1] status=200 auth=true
[2026-03-27 07:53:40] ✓ Login successful: https://demov2.trungnq.xyz
[2026-03-27 07:53:40] [PLUGIN] Cài helper plugin trên source...
[2026-03-27 07:53:40] Checking wpm-helper on https://demov1.trungnq.xyz...
[2026-03-27 07:53:40] Plugin ping: status=400 body=0
[2026-03-27 07:53:40] Plugin not found — installing via headless browser...
[2026-03-27 07:53:40] Launching headless Chrome...
[2026-03-27 07:53:40] Browser: logging in to https://demov1.trungnq.xyz
[2026-03-27 07:53:45] Browser: logged in, URL=https://demov1.trungnq.xyz/wp-admin/
[2026-03-27 07:53:46] Browser: on plugin-install page
[2026-03-27 07:53:46] Browser: file selected, clicking Install Now...
[2026-03-27 07:53:51] Browser: install result page = https://demov1.trungnq.xyz/wp-admin/update.php?action=upload-plugin
[2026-03-27 07:53:52] Browser: activate links on result page: ["https://demov1.trungnq.xyz/wp-admin/plugins.php?action=activate&plugin=wpm-helper%2Fwpm-helper.php&_wpnonce=04e79ff359"]
[2026-03-27 07:53:52] Browser: clicking activate on result page...
[2026-03-27 07:53:54] Browser: activated, now at https://demov1.trungnq.xyz/wp-admin/plugins.php?plugin_status=all&paged=1&s
[2026-03-27 07:53:54] Browser: installation complete
[2026-03-27 07:53:57] Plugin ping: status=200 body={"success":true,"data":"pong"}
[2026-03-27 07:53:57] ✓ wpm-helper installed and active on https://demov1.trungnq.xyz
[2026-03-27 07:53:57] [PLUGIN] Cài helper plugin trên destination...
[2026-03-27 07:53:57] Checking wpm-helper on https://demov2.trungnq.xyz...
[2026-03-27 07:53:57] Plugin ping: status=400 body=0
[2026-03-27 07:53:57] Plugin not found — installing via headless browser...
[2026-03-27 07:53:57] Launching headless Chrome...
[2026-03-27 07:53:57] Browser: logging in to https://demov2.trungnq.xyz
[2026-03-27 07:54:00] Browser: logged in, URL=https://demov2.trungnq.xyz/wp-admin/
[2026-03-27 07:54:01] Browser: on plugin-install page
[2026-03-27 07:54:01] Browser: file selected, clicking Install Now...
[2026-03-27 07:54:05] Browser: install result page = https://demov2.trungnq.xyz/wp-admin/update.php?action=upload-plugin
[2026-03-27 07:54:05] Browser: activate links on result page: ["https://demov2.trungnq.xyz/wp-admin/plugins.php?action=activate&plugin=wpm-helper%2Fwpm-helper.php&_wpnonce=f93ab0e0c9"]
[2026-03-27 07:54:05] Browser: clicking activate on result page...
[2026-03-27 07:54:07] Browser: activated, now at https://demov2.trungnq.xyz/wp-admin/plugins.php?plugin_status=all&paged=1&s
[2026-03-27 07:54:07] Browser: installation complete
[2026-03-27 07:54:09] Plugin ping: status=200 body={"success":true,"data":"pong"}
[2026-03-27 07:54:09] ✓ wpm-helper installed and active on https://demov2.trungnq.xyz
[2026-03-27 07:54:09] [BACKUP] Tạo backup (database + files + plugins + themes)...
[2026-03-27 07:54:09] Creating backup on https://demov1.trungnq.xyz...
[2026-03-27 07:54:14] Got 6 browser cookies for backup
[2026-03-27 07:54:25] Backup response: {"success":true,"data":{"file":"wpm-backup-job_mn8luatn74w2.zip","url":"https:\/\/demov1.trungnq.xyz\/wp-content\/uploads\/wpm-backups\/wpm-backup-job_mn8luatn74w2.zip","size":102870711}}
[2026-03-27 07:54:25] ✓ Backup: wpm-backup-job_mn8luatn74w2.zip (98MB)
[2026-03-27 07:54:25] [DOWNLOAD] Tải backup về (98MB)...
[2026-03-27 07:54:25] Downloading backup from https://demov1.trungnq.xyz/wp-content/uploads/wpm-backups/wpm-backup-job_mn8luatn74w2.zip...
[2026-03-27 07:54:29] Got 6 browser cookies for download
[2026-03-27 07:54:29] [ERROR] Download failed: HTTP 403, size=1242. URL: https://demov1.trungnq.xyz/wp-content/uploads/wpm-backups/wpm-backup-job_mn8luatn74w2.zip
