[2026-03-14 06:55:02] [LOGIN] Đăng nhập source: https://demov1.trungnq.xyz/
[2026-03-14 06:55:02] Logging in to https://demov1.trungnq.xyz as admin...
[2026-03-14 06:55:02] [attempt 1] status=200 auth=true
[2026-03-14 06:55:02] ✓ Login successful: https://demov1.trungnq.xyz
[2026-03-14 06:55:02] [LOGIN] Đăng nhập destination: https://demov2.trungnq.xyz/
[2026-03-14 06:55:02] Logging in to https://demov2.trungnq.xyz as admin...
[2026-03-14 06:55:03] [attempt 1] status=200 auth=true
[2026-03-14 06:55:03] ✓ Login successful: https://demov2.trungnq.xyz
[2026-03-14 06:55:03] [PLUGIN] Cài helper plugin trên source...
[2026-03-14 06:55:03] Checking wpm-helper on https://demov1.trungnq.xyz...
[2026-03-14 06:55:03] Plugin check: 0
[2026-03-14 06:55:03] Plugin not found — installing via headless browser...
[2026-03-14 06:55:03] Launching headless Chrome...
[2026-03-14 06:55:03] Browser: logging in to https://demov1.trungnq.xyz
[2026-03-14 06:55:07] Browser: logged in, URL=https://demov1.trungnq.xyz/wp-admin/
[2026-03-14 06:55:09] Browser: on plugin-install page
[2026-03-14 06:55:09] Browser: file selected, clicking Install Now...
[2026-03-14 06:55:15] Browser: install result page = https://demov1.trungnq.xyz/wp-admin/update.php?action=upload-plugin
[2026-03-14 06:55:15] Browser: clicking activate on result page...
[2026-03-14 06:55:19] Browser: installation complete
[2026-03-14 06:55:22] Plugin check: 0
[2026-03-14 06:55:22] [ERROR] Plugin uploaded but not responding on https://demov1.trungnq.xyz — kiểm tra WP Admin > Plugins
